<?xml version="1.0" encoding="UTF-8"?>
<!-- Generated by org.testng.reporters.JUnitReportReporter -->
<testsuite hostname="DESKTOP-R1IOLBC" failures="0" tests="2" name="TestAccount" time="13.439" errors="0" timestamp="2021-08-07T21:04:19 CST" skipped="0">
  <testcase classname="TestAccount" name="Test_Login_Unsuccesful" time="5.562"/>
  <testcase classname="TestAccount" name="Test_Login_Succesful" time="7.877"/>
</testsuite> <!-- TestAccount -->
